archieve 2024-06-09 02:25:16,768 INFO |||MAIN --> Установлен новый таймер: 2
0 - 1 день, 1 - 7 дней, 2 - 14 дней, 3 - 30 дней
archieve 2024-06-09 02:25:18,707 INFO |||MAIN --> Установлен новый таймер: 3
0 - 1 день, 1 - 7 дней, 2 - 14 дней, 3 - 30 дней
archieve 2024-06-09 02:25:49,621 INFO |||DB --> Новая запись от CV: {'21425423': {'mmsi': 21312412, 'status': 'NavigationStatus.Undefined: 15', 'speed': 0.0, 'lon': 40.5604, 'lat': 64.5205, 'course': 360.0, 'maneuver': 0, 'to_port': 0, 'callsign': 'UHDL', 'destination': 'ARHANGELSK', 'draught': 2.5, 'epfd': 0, 'shipClass': 83, 'name': 'Kama', 'imo': 0, 'key': 'hdTQWE_dGER35626'}}
archieve 2024-06-09 02:25:49,634 INFO |||MAIN --> Новая запись от CV с временной меткой 1717889149
archieve 2024-06-09 02:26:05,378 INFO |||DB --> Новая запись от AIS: {'21425423': {'mmsi': 21312412, 'status': 'NavigationStatus.Undefined: 15', 'speed': 0.0, 'lon': 40.5604, 'lat': 64.5205, 'course': 360.0, 'maneuver': 0, 'to_port': 0, 'callsign': 'UHDL', 'destination': 'ARHANGELSK', 'draught': 2.5, 'epfd': 0, 'shipClass': 83, 'name': 'Kama', 'imo': 0, 'key': 'hdTQWE_dGER35626'}}
archieve 2024-06-09 02:26:05,393 INFO |||MAIN --> Новая запись от AIS с временной меткой: 1717889165
archieve 2024-06-09 02:28:46,504 INFO |||MAIN --> Установлен новый таймер: 0
0 - 1 день, 1 - 7 дней, 2 - 14 дней, 3 - 30 дней
archieve 2024-06-09 02:29:16,517 INFO Удалена запись [('{"21425423": {"mmsi": 21312412, "status": "NavigationStatus.Undefined: 15", "speed": 0.0, "lon": 40.5604, "lat": 64.5205, "course": 360.0, "maneuver": 0, "to_port": 0, "callsign": "UHDL", "destination": "ARHANGELSK", "draught": 2.5, "epfd": 0, "shipClass": 83, "name": "Kama", "imo": 0, "key": "hdTQWE_dGER35626"}}',), ('{"21425423": {"mmsi": 21312412, "status": "NavigationStatus.Undefined: 15", "speed": 0.0, "lon": 40.5604, "lat": 64.5205, "course": 360.0, "maneuver": 0, "to_port": 0, "callsign": "UHDL", "destination": "ARHANGELSK", "draught": 2.5, "epfd": 0, "shipClass": 83, "name": "Kama", "imo": 0, "key": "hdTQWE_dGER35626"}}',), ('{"21425423": {"mmsi": 21312412, "status": "NavigationStatus.Undefined: 15", "speed": 0.0, "lon": 40.5604, "lat": 64.5205, "course": 360.0, "maneuver": 0, "to_port": 0, "callsign": "UHDL", "destination": "ARHANGELSK", "draught": 2.5, "epfd": 0, "shipClass": 83, "name": "Kama", "imo": 0, "key": "hdTQWE_dGER35626"}}',), ('{"21425423": {"mmsi": 21312412, "status": "NavigationStatus.Undefined: 15", "speed": 0.0, "lon": 40.5604, "lat": 64.5205, "course": 360.0, "maneuver": 0, "to_port": 0, "callsign": "UHDL", "destination": "ARHANGELSK", "draught": 2.5, "epfd": 0, "shipClass": 83, "name": "Kama", "imo": 0, "key": "hdTQWE_dGER35626"}}',), ('{"21425423": {"mmsi": 21312412, "status": "NavigationStatus.Undefined: 15", "speed": 0.0, "lon": 40.5604, "lat": 64.5205, "course": 360.0, "maneuver": 0, "to_port": 0, "callsign": "UHDL", "destination": "ARHANGELSK", "draught": 2.5, "epfd": 0, "shipClass": 83, "name": "Kama", "imo": 0, "key": "hdTQWE_dGER35626"}}',), ('{"21425423": {"mmsi": 21312412, "status": "NavigationStatus.Undefined: 15", "speed": 0.0, "lon": 40.5604, "lat": 64.5205, "course": 360.0, "maneuver": 0, "to_port": 0, "callsign": "UHDL", "destination": "ARHANGELSK", "draught": 2.5, "epfd": 0, "shipClass": 83, "name": "Kama", "imo": 0, "key": "hdTQWE_dGER35626"}}',), ('{"21425423": {"mmsi": 21312412, "status": "NavigationStatus.Undefined: 15", "speed": 0.0, "lon": 40.5604, "lat": 64.5205, "course": 360.0, "maneuver": 0, "to_port": 0, "callsign": "UHDL", "destination": "ARHANGELSK", "draught": 2.5, "epfd": 0, "shipClass": 83, "name": "Kama", "imo": 0, "key": "hdTQWE_dGER35626"}}',), ('{"21425423": {"mmsi": 21312412, "status": "NavigationStatus.Undefined: 15", "speed": 0.0, "lon": 40.5604, "lat": 64.5205, "course": 360.0, "maneuver": 0, "to_port": 0, "callsign": "UHDL", "destination": "ARHANGELSK", "draught": 2.5, "epfd": 0, "shipClass": 83, "name": "Kama", "imo": 0, "key": "hdTQWE_dGER35626"}}',), ('{"21425423": {"mmsi": 21312412, "status": "NavigationStatus.Undefined: 15", "speed": 0.0, "lon": 40.5604, "lat": 64.5205, "course": 360.0, "maneuver": 0, "to_port": 0, "callsign": "UHDL", "destination": "ARHANGELSK", "draught": 2.5, "epfd": 0, "shipClass": 83, "name": "Kama", "imo": 0, "key": "hdTQWE_dGER35626"}}',), ('{"21425423": {"mmsi": 21312412, "status": "NavigationStatus.Undefined: 15", "speed": 0.0, "lon": 40.5604, "lat": 64.5205, "course": 360.0, "maneuver": 0, "to_port": 0, "callsign": "UHDL", "destination": "ARHANGELSK", "draught": 2.5, "epfd": 0, "shipClass": 83, "name": "Kama", "imo": 0, "key": "hdTQWE_dGER35626"}}',), ('{"21425423": {"mmsi": 21312412, "status": "NavigationStatus.Undefined: 15", "speed": 0.0, "lon": 40.5604, "lat": 64.5205, "course": 360.0, "maneuver": 0, "to_port": 0, "callsign": "UHDL", "destination": "ARHANGELSK", "draught": 2.5, "epfd": 0, "shipClass": 83, "name": "Kama", "imo": 0, "key": "hdTQWE_dGER35626"}}',), ('{"21425423": {"mmsi": 21312412, "status": "NavigationStatus.Undefined: 15", "speed": 0.0, "lon": 40.5604, "lat": 64.5205, "course": 360.0, "maneuver": 0, "to_port": 0, "callsign": "UHDL", "destination": "ARHANGELSK", "draught": 2.5, "epfd": 0, "shipClass": 83, "name": "Kama", "imo": 0, "key": "hdTQWE_dGER35626"}}',), ('{"21425423": {"mmsi": 21312412, "status": "NavigationStatus.Undefined: 15", "speed": 0.0, "lon": 40.5604, "lat": 64.5205, "course": 360.0, "maneuver": 0, "to_port": 0, "callsign": "UHDL", "destination": "ARHANGELSK", "draught": 2.5, "epfd": 0, "shipClass": 83, "name": "Kama", "imo": 0, "key": "hdTQWE_dGER35626"}}',), ('{"21425423": {"mmsi": 21312412, "status": "NavigationStatus.Undefined: 15", "speed": 0.0, "lon": 40.5604, "lat": 64.5205, "course": 360.0, "maneuver": 0, "to_port": 0, "callsign": "UHDL", "destination": "ARHANGELSK", "draught": 2.5, "epfd": 0, "shipClass": 83, "name": "Kama", "imo": 0, "key": "hdTQWE_dGER35626"}}',), ('{"21425423": {"mmsi": 21312412, "status": "NavigationStatus.Undefined: 15", "speed": 0.0, "lon": 40.5604, "lat": 64.5205, "course": 360.0, "maneuver": 0, "to_port": 0, "callsign": "UHDL", "destination": "ARHANGELSK", "draught": 2.5, "epfd": 0, "shipClass": 83, "name": "Kama", "imo": 0, "key": "hdTQWE_dGER35626"}}',), ('{"21425423": {"mmsi": 21312412, "status": "NavigationStatus.Undefined: 15", "speed": 0.0, "lon": 40.5604, "lat": 64.5205, "course": 360.0, "maneuver": 0, "to_port": 0, "callsign": "UHDL", "destination": "ARHANGELSK", "draught": 2.5, "epfd": 0, "shipClass": 83, "name": "Kama", "imo": 0, "key": "hdTQWE_dGER35626"}}',), ('{"21425423": {"mmsi": 21312412, "status": "NavigationStatus.Undefined: 15", "speed": 0.0, "lon": 40.5604, "lat": 64.5205, "course": 360.0, "maneuver": 0, "to_port": 0, "callsign": "UHDL", "destination": "ARHANGELSK", "draught": 2.5, "epfd": 0, "shipClass": 83, "name": "Kama", "imo": 0, "key": "hdTQWE_dGER35626"}}',), ('{"21425423": {"mmsi": 21312412, "status": "NavigationStatus.Undefined: 15", "speed": 0.0, "lon": 40.5604, "lat": 64.5205, "course": 360.0, "maneuver": 0, "to_port": 0, "callsign": "UHDL", "destination": "ARHANGELSK", "draught": 2.5, "epfd": 0, "shipClass": 83, "name": "Kama", "imo": 0, "key": "hdTQWE_dGER35626"}}',)]
archieve 2024-06-09 02:29:37,905 INFO |||DB --> Новая запись от AIS: {'21425423': {'mmsi': 21312412, 'status': 'NavigationStatus.Undefined: 15', 'speed': 0.0, 'lon': 40.5604, 'lat': 64.5205, 'course': 360.0, 'maneuver': 0, 'to_port': 0, 'callsign': 'UHDL', 'destination': 'ARHANGELSK', 'draught': 2.5, 'epfd': 0, 'shipClass': 83, 'name': 'Kama', 'imo': 0, 'key': 'hdTQWE_dGER35626'}}
archieve 2024-06-09 02:29:37,916 INFO |||MAIN --> Новая запись от AIS с временной меткой: 1717889377
archieve 2024-06-09 02:29:38,685 INFO |||DB --> Новая запись от AIS: {'21425423': {'mmsi': 21312412, 'status': 'NavigationStatus.Undefined: 15', 'speed': 0.0, 'lon': 40.5604, 'lat': 64.5205, 'course': 360.0, 'maneuver': 0, 'to_port': 0, 'callsign': 'UHDL', 'destination': 'ARHANGELSK', 'draught': 2.5, 'epfd': 0, 'shipClass': 83, 'name': 'Kama', 'imo': 0, 'key': 'hdTQWE_dGER35626'}}
archieve 2024-06-09 02:29:38,697 INFO |||MAIN --> Новая запись от AIS с временной меткой: 1717889378
archieve 2024-06-09 02:29:46,516 INFO Удалена запись []
archieve 2024-06-09 02:30:16,516 INFO Удалена запись [('{"21425423": {"mmsi": 21312412, "status": "NavigationStatus.Undefined: 15", "speed": 0.0, "lon": 40.5604, "lat": 64.5205, "course": 360.0, "maneuver": 0, "to_port": 0, "callsign": "UHDL", "destination": "ARHANGELSK", "draught": 2.5, "epfd": 0, "shipClass": 83, "name": "Kama", "imo": 0, "key": "hdTQWE_dGER35626"}}',), ('{"21425423": {"mmsi": 21312412, "status": "NavigationStatus.Undefined: 15", "speed": 0.0, "lon": 40.5604, "lat": 64.5205, "course": 360.0, "maneuver": 0, "to_port": 0, "callsign": "UHDL", "destination": "ARHANGELSK", "draught": 2.5, "epfd": 0, "shipClass": 83, "name": "Kama", "imo": 0, "key": "hdTQWE_dGER35626"}}',)]
archieve 2024-06-09 02:30:46,518 INFO Удалена запись []
archieve 2024-06-09 02:31:16,514 INFO Удалена запись []
archieve 2024-06-09 02:31:46,522 INFO Удалена запись []
archieve 2024-06-09 02:34:45,527 INFO |||MAIN --> Установлен новый таймер: 1
0 - 1 день, 1 - 7 дней, 2 - 14 дней, 3 - 30 дней
archieve 2024-06-09 02:37:03,180 ERROR |||DB --> Невозможно взять элементы таблицы: БАЗА ДАННЫХ ПУСТА
archieve 2024-06-09 02:37:21,345 ERROR |||DB --> Невозможно взять элементы таблицы: БАЗА ДАННЫХ ПУСТА
archieve 2024-06-09 02:38:22,812 ERROR |||DB --> Невозможно взять элементы таблицы: БАЗА ДАННЫХ ПУСТА
archieve 2024-06-09 02:38:27,814 ERROR |||DB --> Невозможно взять элементы таблицы: БАЗА ДАННЫХ ПУСТА
archieve 2024-06-11 21:05:26,863 ERROR |||DB --> Невозможно взять элементы таблицы: БАЗА ДАННЫХ ПУСТА
archieve 2024-06-11 21:05:59,012 INFO |||DB --> Новая запись от AIS: {'21425423': {'mmsi': 21312412, 'status': 'NavigationStatus.Undefined: 15', 'speed': 0.0, 'lon': 40.5604, 'lat': 64.5205, 'course': 360.0, 'maneuver': 0, 'to_port': 0, 'callsign': 'UHDL', 'destination': 'ARHANGELSK', 'draught': 2.5, 'epfd': 0, 'shipClass': 83, 'name': 'Kama', 'imo': 0, 'key': 'hdTQWE_dGER35626'}}
archieve 2024-06-11 21:05:59,027 INFO |||MAIN --> Новая запись от AIS с временной меткой: 1718129159
archieve 2024-06-11 21:06:03,348 INFO |||DB --> Новая запись от AIS: {'21425423': {'mmsi': 21312412, 'status': 'NavigationStatus.Undefined: 15', 'speed': 0.0, 'lon': 40.5604, 'lat': 64.5205, 'course': 360.0, 'maneuver': 0, 'to_port': 0, 'callsign': 'UHDL', 'destination': 'ARHANGELSK', 'draught': 2.5, 'epfd': 0, 'shipClass': 83, 'name': 'Kama', 'imo': 0, 'key': 'hdTQWE_dGER35626'}}
archieve 2024-06-11 21:06:03,361 INFO |||MAIN --> Новая запись от AIS с временной меткой: 1718129163
archieve 2024-06-11 21:06:04,108 INFO |||DB --> Новая запись от AIS: {'21425423': {'mmsi': 21312412, 'status': 'NavigationStatus.Undefined: 15', 'speed': 0.0, 'lon': 40.5604, 'lat': 64.5205, 'course': 360.0, 'maneuver': 0, 'to_port': 0, 'callsign': 'UHDL', 'destination': 'ARHANGELSK', 'draught': 2.5, 'epfd': 0, 'shipClass': 83, 'name': 'Kama', 'imo': 0, 'key': 'hdTQWE_dGER35626'}}
archieve 2024-06-11 21:06:04,123 INFO |||MAIN --> Новая запись от AIS с временной меткой: 1718129164
archieve 2024-06-11 21:06:04,716 INFO |||DB --> Новая запись от AIS: {'21425423': {'mmsi': 21312412, 'status': 'NavigationStatus.Undefined: 15', 'speed': 0.0, 'lon': 40.5604, 'lat': 64.5205, 'course': 360.0, 'maneuver': 0, 'to_port': 0, 'callsign': 'UHDL', 'destination': 'ARHANGELSK', 'draught': 2.5, 'epfd': 0, 'shipClass': 83, 'name': 'Kama', 'imo': 0, 'key': 'hdTQWE_dGER35626'}}
archieve 2024-06-11 21:06:04,729 INFO |||MAIN --> Новая запись от AIS с временной меткой: 1718129164
archieve 2024-06-11 21:06:07,538 INFO |||DB --> Новая запись от CV: {'21425423': {'mmsi': 21312412, 'status': 'NavigationStatus.Undefined: 15', 'speed': 0.0, 'lon': 40.5604, 'lat': 64.5205, 'course': 360.0, 'maneuver': 0, 'to_port': 0, 'callsign': 'UHDL', 'destination': 'ARHANGELSK', 'draught': 2.5, 'epfd': 0, 'shipClass': 83, 'name': 'Kama', 'imo': 0, 'key': 'hdTQWE_dGER35626'}}
archieve 2024-06-11 21:06:07,553 INFO |||MAIN --> Новая запись от CV с временной меткой 1718129167
archieve 2024-06-11 21:06:08,118 INFO |||DB --> Новая запись от CV: {'21425423': {'mmsi': 21312412, 'status': 'NavigationStatus.Undefined: 15', 'speed': 0.0, 'lon': 40.5604, 'lat': 64.5205, 'course': 360.0, 'maneuver': 0, 'to_port': 0, 'callsign': 'UHDL', 'destination': 'ARHANGELSK', 'draught': 2.5, 'epfd': 0, 'shipClass': 83, 'name': 'Kama', 'imo': 0, 'key': 'hdTQWE_dGER35626'}}
archieve 2024-06-11 21:06:08,130 INFO |||MAIN --> Новая запись от CV с временной меткой 1718129168
archieve 2024-06-11 21:14:45,973 ERROR |||DB --> Невозможно взять элементы таблицы: БАЗА ДАННЫХ ПУСТА
archieve 2024-06-11 21:15:00,037 INFO |||DB --> Новая запись от CV: {'21425423': {'mmsi': 21312412, 'status': 'NavigationStatus.Undefined: 15', 'speed': 0.0, 'lon': 40.5604, 'lat': 64.5205, 'course': 360.0, 'maneuver': 0, 'to_port': 0, 'callsign': 'UHDL', 'destination': 'ARHANGELSK', 'draught': 2.5, 'epfd': 0, 'shipClass': 83, 'name': 'Kama', 'imo': 0, 'key': 'hdTQWE_dGER35626'}}
archieve 2024-06-11 21:15:00,049 INFO |||MAIN --> Новая запись от CV с временной меткой 1718129700
archieve 2024-06-11 21:15:18,515 ERROR |||DB --> Невозможно взять элементы таблицы: БАЗА ДАННЫХ ПУСТА
archieve 2024-06-11 21:15:20,161 INFO |||DB --> Новая запись от CV: {'21425423': {'mmsi': 21312412, 'status': 'NavigationStatus.Undefined: 15', 'speed': 0.0, 'lon': 40.5604, 'lat': 64.5205, 'course': 360.0, 'maneuver': 0, 'to_port': 0, 'callsign': 'UHDL', 'destination': 'ARHANGELSK', 'draught': 2.5, 'epfd': 0, 'shipClass': 83, 'name': 'Kama', 'imo': 0, 'key': 'hdTQWE_dGER35626'}}
archieve 2024-06-11 21:15:20,176 INFO |||MAIN --> Новая запись от CV с временной меткой 1718129720
archieve 2024-06-11 21:15:20,727 INFO |||DB --> Новая запись от CV: {'21425423': {'mmsi': 21312412, 'status': 'NavigationStatus.Undefined: 15', 'speed': 0.0, 'lon': 40.5604, 'lat': 64.5205, 'course': 360.0, 'maneuver': 0, 'to_port': 0, 'callsign': 'UHDL', 'destination': 'ARHANGELSK', 'draught': 2.5, 'epfd': 0, 'shipClass': 83, 'name': 'Kama', 'imo': 0, 'key': 'hdTQWE_dGER35626'}}
archieve 2024-06-11 21:15:20,739 INFO |||MAIN --> Новая запись от CV с временной меткой 1718129720
archieve 2024-06-11 21:15:21,303 INFO |||DB --> Новая запись от CV: {'21425423': {'mmsi': 21312412, 'status': 'NavigationStatus.Undefined: 15', 'speed': 0.0, 'lon': 40.5604, 'lat': 64.5205, 'course': 360.0, 'maneuver': 0, 'to_port': 0, 'callsign': 'UHDL', 'destination': 'ARHANGELSK', 'draught': 2.5, 'epfd': 0, 'shipClass': 83, 'name': 'Kama', 'imo': 0, 'key': 'hdTQWE_dGER35626'}}
archieve 2024-06-11 21:15:21,316 INFO |||MAIN --> Новая запись от CV с временной меткой 1718129721
archieve 2024-06-11 21:15:21,815 INFO |||DB --> Новая запись от CV: {'21425423': {'mmsi': 21312412, 'status': 'NavigationStatus.Undefined: 15', 'speed': 0.0, 'lon': 40.5604, 'lat': 64.5205, 'course': 360.0, 'maneuver': 0, 'to_port': 0, 'callsign': 'UHDL', 'destination': 'ARHANGELSK', 'draught': 2.5, 'epfd': 0, 'shipClass': 83, 'name': 'Kama', 'imo': 0, 'key': 'hdTQWE_dGER35626'}}
archieve 2024-06-11 21:15:21,827 INFO |||MAIN --> Новая запись от CV с временной меткой 1718129721
archieve 2024-06-11 21:17:38,304 INFO |||DB --> Новая запись от CV: {'21425423': {'mmsi': 21312412, 'status': 'NavigationStatus.Undefined: 15', 'speed': 0.0, 'lon': 40.5604, 'lat': 64.5205, 'course': 360.0, 'maneuver': 0, 'to_port': 0, 'callsign': 'UHDL', 'destination': 'ARHANGELSK', 'draught': 2.5, 'epfd': 0, 'shipClass': 83, 'name': 'Kama', 'imo': 0, 'key': 'hdTQWE_dGER35626'}}
archieve 2024-06-11 21:17:38,318 INFO |||MAIN --> Новая запись от CV с временной меткой 1718129858
archieve 2024-06-11 21:33:43,481 INFO |||MAIN --> Установлен новый таймер: 0
0 - 1 день, 1 - 7 дней, 2 - 14 дней, 3 - 30 дней
archieve 2024-06-11 21:34:59,578 INFO |||MAIN --> Установлен новый таймер: 0
0 - 1 день, 1 - 7 дней, 2 - 14 дней, 3 - 30 дней
archieve 2024-06-11 21:35:09,589 INFO Удалена(-ы) запись(-и) [('{"21425423": {"mmsi": 21312412, "status": "NavigationStatus.Undefined: 15", "speed": 0.0, "lon": 40.5604, "lat": 64.5205, "course": 360.0, "maneuver": 0, "to_port": 0, "callsign": "UHDL", "destination": "ARHANGELSK", "draught": 2.5, "epfd": 0, "shipClass": 83, "name": "Kama", "imo": 0, "key": "hdTQWE_dGER35626"}}',)]
archieve 2024-06-11 21:35:19,588 INFO Удалена(-ы) запись(-и) [('{"21425423": {"mmsi": 21312412, "status": "NavigationStatus.Undefined: 15", "speed": 0.0, "lon": 40.5604, "lat": 64.5205, "course": 360.0, "maneuver": 0, "to_port": 0, "callsign": "UHDL", "destination": "ARHANGELSK", "draught": 2.5, "epfd": 0, "shipClass": 83, "name": "Kama", "imo": 0, "key": "hdTQWE_dGER35626"}}',)]
archieve 2024-06-11 21:35:29,591 INFO Удалена(-ы) запись(-и) [('{"21425423": {"mmsi": 21312412, "status": "NavigationStatus.Undefined: 15", "speed": 0.0, "lon": 40.5604, "lat": 64.5205, "course": 360.0, "maneuver": 0, "to_port": 0, "callsign": "UHDL", "destination": "ARHANGELSK", "draught": 2.5, "epfd": 0, "shipClass": 83, "name": "Kama", "imo": 0, "key": "hdTQWE_dGER35626"}}',)]
archieve 2024-06-11 21:35:41,308 INFO |||MAIN --> Установлен новый таймер: 0
0 - 1 день, 1 - 7 дней, 2 - 14 дней, 3 - 30 дней
archieve 2024-06-11 21:35:51,318 INFO Удалена(-ы) запись(-и) [('{"21425423": {"mmsi": 21312412, "status": "NavigationStatus.Undefined: 15", "speed": 0.0, "lon": 40.5604, "lat": 64.5205, "course": 360.0, "maneuver": 0, "to_port": 0, "callsign": "UHDL", "destination": "ARHANGELSK", "draught": 2.5, "epfd": 0, "shipClass": 83, "name": "Kama", "imo": 0, "key": "hdTQWE_dGER35626"}}',)]
archieve 2024-06-11 21:36:01,329 INFO Удалена(-ы) запись(-и) []
archieve 2024-06-11 21:36:11,320 INFO Удалена(-ы) запись(-и) []
archieve 2024-06-11 21:36:21,314 INFO Удалена(-ы) запись(-и) []
archieve 2024-06-11 21:43:11,357 ERROR |||DB --> Невозможно взять элементы таблицы: БАЗА ДАННЫХ ПУСТА 
 {e}
archieve 2024-06-11 21:43:14,073 INFO |||MAIN --> Установлен новый таймер: 0
0 - 1 день, 1 - 7 дней, 2 - 14 дней, 3 - 30 дней
archieve 2024-06-11 21:43:15,884 ERROR |||DB --> Невозможно взять элементы таблицы: БАЗА ДАННЫХ ПУСТА 
 {e}
